[ERROR] 2019-04-05 10:10:02,659 | /opt/misnext/frappe-training/apps/frappe/frappe/app.py:
Site: mis.training.local
Form Dict: {
 "action": "Submit", 
 "cmd": "frappe.desk.form.save.savedocs", 
 "doc": "{\"modified_by\":\"Administrator\",\"name\":\"REQUESTPINJAMAN-0001\",\"parent\":null,\"amended_from\":null,\"naming_series\":\"REQUESTPINJAMAN-.####\",\"creation\":\"2019-04-05 10:09:55.685222\",\"estimasi_tanggal_kembali\":\"2019-04-06\",\"modified\":\"2019-04-05 10:09:55.685222\",\"nama_member\":\"Yudha\",\"idx\":0,\"parenttype\":null,\"id_member\":\"MEMBER-00001\",\"owner\":\"Administrator\",\"docstatus\":0,\"doctype\":\"Request Pinjaman\",\"tanggal_pinjam\":\"2019-04-04\",\"request_pinjaman_buku\":[{\"modified_by\":\"Administrator\",\"name\":\"0c98225586\",\"parent\":\"REQUESTPINJAMAN-0001\",\"creation\":\"2019-04-05 10:09:55.685222\",\"modified\":\"2019-04-05 10:09:55.685222\",\"tipe_buku\":\"tes\",\"idx\":1,\"parenttype\":\"Request Pinjaman\",\"code_buku\":\"BUKU-001\",\"doctype\":\"Request Line\",\"owner\":\"Administrator\",\"docstatus\":0,\"nama_buku\":\"Wakdiko\",\"parentfield\":\"request_pinjaman_buku\"}],\"parentfield\":null,\"__last_sync_on\":\"2019-04-05T03:09:56.024Z\"}"
}
Request Error
Traceback (most recent call last):
  File "/opt/misnext/frappe-training/apps/frappe/frappe/app.py", line 61, in application
    response = frappe.handler.handle()
  File "/opt/misnext/frappe-training/apps/frappe/frappe/handler.py", line 21, in handle
    data = execute_cmd(cmd)
  File "/opt/misnext/frappe-training/apps/frappe/frappe/handler.py", line 56, in execute_cmd
    return frappe.call(method, **frappe.form_dict)
  File "/opt/misnext/frappe-training/apps/frappe/frappe/__init__.py", line 1019, in call
    return fn(*args, **newargs)
  File "/opt/misnext/frappe-training/apps/frappe/frappe/desk/form/save.py", line 19, in savedocs
    doc.submit()
  File "/opt/misnext/frappe-training/apps/frappe/frappe/model/document.py", line 848, in submit
    self._submit()
  File "/opt/misnext/frappe-training/apps/frappe/frappe/model/document.py", line 837, in _submit
    self.save()
  File "/opt/misnext/frappe-training/apps/frappe/frappe/model/document.py", line 260, in save
    return self._save(*args, **kwargs)
  File "/opt/misnext/frappe-training/apps/frappe/frappe/model/document.py", line 313, in _save
    self.run_post_save_methods()
  File "/opt/misnext/frappe-training/apps/frappe/frappe/model/document.py", line 907, in run_post_save_methods
    self.run_method("on_update")
  File "/opt/misnext/frappe-training/apps/frappe/frappe/model/document.py", line 772, in run_method
    out = Document.hook(fn)(self, *args, **kwargs)
  File "/opt/misnext/frappe-training/apps/frappe/frappe/model/document.py", line 1048, in composer
    return composed(self, method, *args, **kwargs)
  File "/opt/misnext/frappe-training/apps/frappe/frappe/model/document.py", line 1031, in runner
    add_to_return_value(self, fn(self, *args, **kwargs))
  File "/opt/misnext/frappe-training/apps/frappe/frappe/model/document.py", line 766, in <lambda>
    fn = lambda self, *args, **kwargs: getattr(self, method)(*args, **kwargs)
  File "/opt/misnext/frappe-training/apps/libraryku/libraryku/library_ku/doctype/request_pinjaman/request_pinjaman.py", line 13, in on_update
    self.on_approve()
  File "/opt/misnext/frappe-training/apps/libraryku/libraryku/library_ku/doctype/request_pinjaman/request_pinjaman.py", line 21, in on_approve
    for i in self.request_line:
AttributeError: 'RequestPinjaman' object has no attribute 'request_line'
[ERROR] 2019-04-05 10:10:02,795 | /opt/misnext/frappe-training/apps/frappe/frappe/utils/error.py:
New Exception collected with id: 2019-04-05 10:10:02.661236-127.0.0.1-98b
[ERROR] 2019-04-05 10:14:06,738 | /opt/misnext/frappe-training/apps/frappe/frappe/app.py:
Site: mis.training.local
Form Dict: {
 "action": "Submit", 
 "cmd": "frappe.desk.form.save.savedocs", 
 "doc": "{\"request_line\":[{\"modified_by\":\"Administrator\",\"name\":\"756e92a471\",\"parent\":\"REQUESTPINJAMAN-0002\",\"creation\":\"2019-04-05 10:14:03.526432\",\"modified\":\"2019-04-05 10:14:03.526432\",\"tipe_buku\":\"ClickBait\",\"idx\":1,\"parenttype\":\"Request Pinjaman\",\"code_buku\":\"2\",\"doctype\":\"Request Line\",\"owner\":\"Administrator\",\"docstatus\":0,\"nama_buku\":\"Viral Belajar Frappe dalam 1 Menit\",\"parentfield\":\"request_line\"}],\"modified_by\":\"Administrator\",\"name\":\"REQUESTPINJAMAN-0002\",\"parent\":null,\"amended_from\":null,\"naming_series\":\"REQUESTPINJAMAN-.####\",\"creation\":\"2019-04-05 10:14:03.526432\",\"estimasi_tanggal_kembali\":\"2019-04-15\",\"modified\":\"2019-04-05 10:14:03.526432\",\"nama_member\":\"widiw\",\"idx\":0,\"parenttype\":null,\"id_member\":\"MEMBER-00003\",\"owner\":\"Administrator\",\"docstatus\":0,\"doctype\":\"Request Pinjaman\",\"tanggal_pinjam\":\"2019-04-10\",\"parentfield\":null,\"__last_sync_on\":\"2019-04-05T03:14:03.661Z\"}"
}
Request Error
Traceback (most recent call last):
  File "/opt/misnext/frappe-training/apps/frappe/frappe/app.py", line 61, in application
    response = frappe.handler.handle()
  File "/opt/misnext/frappe-training/apps/frappe/frappe/handler.py", line 21, in handle
    data = execute_cmd(cmd)
  File "/opt/misnext/frappe-training/apps/frappe/frappe/handler.py", line 56, in execute_cmd
    return frappe.call(method, **frappe.form_dict)
  File "/opt/misnext/frappe-training/apps/frappe/frappe/__init__.py", line 1019, in call
    return fn(*args, **newargs)
  File "/opt/misnext/frappe-training/apps/frappe/frappe/desk/form/save.py", line 19, in savedocs
    doc.submit()
  File "/opt/misnext/frappe-training/apps/frappe/frappe/model/document.py", line 848, in submit
    self._submit()
  File "/opt/misnext/frappe-training/apps/frappe/frappe/model/document.py", line 837, in _submit
    self.save()
  File "/opt/misnext/frappe-training/apps/frappe/frappe/model/document.py", line 260, in save
    return self._save(*args, **kwargs)
  File "/opt/misnext/frappe-training/apps/frappe/frappe/model/document.py", line 313, in _save
    self.run_post_save_methods()
  File "/opt/misnext/frappe-training/apps/frappe/frappe/model/document.py", line 907, in run_post_save_methods
    self.run_method("on_update")
  File "/opt/misnext/frappe-training/apps/frappe/frappe/model/document.py", line 772, in run_method
    out = Document.hook(fn)(self, *args, **kwargs)
  File "/opt/misnext/frappe-training/apps/frappe/frappe/model/document.py", line 1048, in composer
    return composed(self, method, *args, **kwargs)
  File "/opt/misnext/frappe-training/apps/frappe/frappe/model/document.py", line 1031, in runner
    add_to_return_value(self, fn(self, *args, **kwargs))
  File "/opt/misnext/frappe-training/apps/frappe/frappe/model/document.py", line 766, in <lambda>
    fn = lambda self, *args, **kwargs: getattr(self, method)(*args, **kwargs)
  File "/opt/misnext/frappe-training/apps/libraryku/libraryku/library_ku/doctype/request_pinjaman/request_pinjaman.py", line 13, in on_update
    self.on_approve()
  File "/opt/misnext/frappe-training/apps/libraryku/libraryku/library_ku/doctype/request_pinjaman/request_pinjaman.py", line 25, in on_approve
    'tipe_buku' : i.tipe_buku
  File "/opt/misnext/frappe-training/apps/frappe/frappe/model/base_document.py", line 138, in append
    value = self._init_child(value, key)
  File "/opt/misnext/frappe-training/apps/frappe/frappe/model/base_document.py", line 173, in _init_child
    value["doctype"] = self.get_table_field_doctype(key)
  File "/opt/misnext/frappe-training/apps/frappe/frappe/model/base_document.py", line 287, in get_table_field_doctype
    return self.meta.get_field(fieldname).options
AttributeError: 'NoneType' object has no attribute 'options'
[ERROR] 2019-04-05 10:14:06,753 | /opt/misnext/frappe-training/apps/frappe/frappe/utils/error.py:
New Exception collected with id: 2019-04-05 10:14:06.739794-127.0.0.1-ba1
[DEBUG] 2019-04-05 10:16:51,625 | /opt/misnext/frappe-training/apps/frappe/frappe/utils/scheduler.py:
Site: mis.training.local
Queued events for site mis.training.local
[DEBUG] 2019-04-05 10:17:51,755 | /opt/misnext/frappe-training/apps/frappe/frappe/utils/scheduler.py:
Site: mis.training.local
Queued events for site mis.training.local
[DEBUG] 2019-04-05 10:18:51,887 | /opt/misnext/frappe-training/apps/frappe/frappe/utils/scheduler.py:
Site: mis.training.local
Queued events for site mis.training.local
[DEBUG] 2019-04-05 10:19:52,027 | /opt/misnext/frappe-training/apps/frappe/frappe/utils/scheduler.py:
Site: mis.training.local
Queued events for site mis.training.local
[DEBUG] 2019-04-05 10:20:52,636 | /opt/misnext/frappe-training/apps/frappe/frappe/utils/scheduler.py:
Site: mis.training.local
Queued events for site mis.training.local
[DEBUG] 2019-04-05 10:21:52,793 | /opt/misnext/frappe-training/apps/frappe/frappe/utils/scheduler.py:
Site: mis.training.local
Queued events for site mis.training.local
[DEBUG] 2019-04-05 10:22:52,940 | /opt/misnext/frappe-training/apps/frappe/frappe/utils/scheduler.py:
Site: mis.training.local
Queued events for site mis.training.local
[DEBUG] 2019-04-05 10:23:53,091 | /opt/misnext/frappe-training/apps/frappe/frappe/utils/scheduler.py:
Site: mis.training.local
Queued events for site mis.training.local
[DEBUG] 2019-04-05 10:24:53,268 | /opt/misnext/frappe-training/apps/frappe/frappe/utils/scheduler.py:
Site: mis.training.local
Queued events for site mis.training.local
[DEBUG] 2019-04-05 10:25:53,409 | /opt/misnext/frappe-training/apps/frappe/frappe/utils/scheduler.py:
Site: mis.training.local
Queued events for site mis.training.local
[DEBUG] 2019-04-05 10:26:53,567 | /opt/misnext/frappe-training/apps/frappe/frappe/utils/scheduler.py:
Site: mis.training.local
Queued events for site mis.training.local
[DEBUG] 2019-04-05 10:27:53,716 | /opt/misnext/frappe-training/apps/frappe/frappe/utils/scheduler.py:
Site: mis.training.local
Queued events for site mis.training.local
[DEBUG] 2019-04-05 10:28:53,885 | /opt/misnext/frappe-training/apps/frappe/frappe/utils/scheduler.py:
Site: mis.training.local
Queued events for site mis.training.local
[DEBUG] 2019-04-05 10:29:54,162 | /opt/misnext/frappe-training/apps/frappe/frappe/utils/scheduler.py:
Site: mis.training.local
Queued events for site mis.training.local
[DEBUG] 2019-04-05 10:30:54,314 | /opt/misnext/frappe-training/apps/frappe/frappe/utils/scheduler.py:
Site: mis.training.local
Queued events for site mis.training.local
[DEBUG] 2019-04-05 10:31:54,461 | /opt/misnext/frappe-training/apps/frappe/frappe/utils/scheduler.py:
Site: mis.training.local
Queued events for site mis.training.local
[DEBUG] 2019-04-05 10:32:54,980 | /opt/misnext/frappe-training/apps/frappe/frappe/utils/scheduler.py:
Site: mis.training.local
Queued events for site mis.training.local
[DEBUG] 2019-04-05 10:33:55,294 | /opt/misnext/frappe-training/apps/frappe/frappe/utils/scheduler.py:
Site: mis.training.local
Queued events for site mis.training.local
[DEBUG] 2019-04-05 10:34:55,414 | /opt/misnext/frappe-training/apps/frappe/frappe/utils/scheduler.py:
Site: mis.training.local
Queued events for site mis.training.local
[DEBUG] 2019-04-05 10:35:55,525 | /opt/misnext/frappe-training/apps/frappe/frappe/utils/scheduler.py:
Site: mis.training.local
Queued events for site mis.training.local
[DEBUG] 2019-04-05 10:36:55,703 | /opt/misnext/frappe-training/apps/frappe/frappe/utils/scheduler.py:
Site: mis.training.local
Queued events for site mis.training.local
